2026-02-24 13:12:24 [DEBUG] potato (logging_config.py:180): Logging initialized with level=DEBUG
2026-02-24 13:12:24 [DEBUG] potato.authentication (authentication.py:524): User config path: user_config.json
2026-02-24 13:12:24 [INFO] potato.authentication (authentication.py:530): Initialized UserAuthenticator with method: in_memory, require_password: True
2026-02-24 13:12:24 [INFO] potato.item_state_management (item_state_management.py:789): ItemStateManager initialized with random_seed=1234
2026-02-24 13:12:24 [INFO] server_utils.front_end (front_end.py:194): Generating anntotation site at /Users/jurgens/Documents/Projects/potato/potato/templates
2026-02-24 13:12:24 [DEBUG] server_utils.front_end (front_end.py:205): Reading html annotation template: /Users/jurgens/Documents/Projects/potato/potato/server_utils/../templates/base_template_v2.html
2026-02-24 13:12:24 [DEBUG] server_utils.front_end (front_end.py:215): Reading html header /Users/jurgens/Documents/Projects/potato/potato/server_utils/../templates/header.html
2026-02-24 13:12:24 [DEBUG] server_utils.front_end (front_end.py:241): Saw 5 annotation scheme(s)
2026-02-24 13:12:24 [INFO] server_utils.front_end (front_end.py:123): Annotation layout file not found or hash mismatch, generating: /Users/jurgens/Documents/Projects/potato-showcase/image/specialized/celeba/layouts/task_layout.html
2026-02-24 13:12:24 [DEBUG] potato.server_utils.schemas.registry (registry.py:129): Generating layout for annotation type: multiselect
2026-02-24 13:12:24 [DEBUG] potato.server_utils.schemas.identifier_utils (identifier_utils.py:68): Schema configuration validation passed for: hair_attributes
2026-02-24 13:12:24 [DEBUG] potato.server_utils.schemas.multiselect (multiselect.py:68): Generating multiselect layout for schema: hair_attributes
2026-02-24 13:12:24 [DEBUG] potato.ai.ai_help_wrapper (ai_help_wrapper.py:200): [get_ai_wrapper] DYNAMICAIHELP is None
2026-02-24 13:12:24 [DEBUG] potato.ai.ai_help_wrapper (ai_help_wrapper.py:202): [get_ai_wrapper] Returning: 'empty...'
2026-02-24 13:12:24 [DEBUG] potato.server_utils.schemas.multiselect (multiselect.py:89): Using 1 column layout
2026-02-24 13:12:24 [DEBUG] potato.server_utils.schemas.identifier_utils (identifier_utils.py:193): generate_validation_attribute called with label_requirement: {}
2026-02-24 13:12:24 [DEBUG] potato.server_utils.schemas.identifier_utils (identifier_utils.py:194): label_name: bald
2026-02-24 13:12:24 [DEBUG] potato.server_utils.schemas.identifier_utils (identifier_utils.py:211): Returning empty string - no validation requirements met
2026-02-24 13:12:24 [DEBUG] potato.server_utils.schemas.identifier_utils (identifier_utils.py:193): generate_validation_attribute called with label_requirement: {}
2026-02-24 13:12:24 [DEBUG] potato.server_utils.schemas.identifier_utils (identifier_utils.py:194): label_name: bangs
2026-02-24 13:12:24 [DEBUG] potato.server_utils.schemas.identifier_utils (identifier_utils.py:211): Returning empty string - no validation requirements met
2026-02-24 13:12:24 [DEBUG] potato.server_utils.schemas.identifier_utils (identifier_utils.py:193): generate_validation_attribute called with label_requirement: {}
2026-02-24 13:12:24 [DEBUG] potato.server_utils.schemas.identifier_utils (identifier_utils.py:194): label_name: black_hair
2026-02-24 13:12:24 [DEBUG] potato.server_utils.schemas.identifier_utils (identifier_utils.py:211): Returning empty string - no validation requirements met
2026-02-24 13:12:24 [DEBUG] potato.server_utils.schemas.identifier_utils (identifier_utils.py:193): generate_validation_attribute called with label_requirement: {}
2026-02-24 13:12:24 [DEBUG] potato.server_utils.schemas.identifier_utils (identifier_utils.py:194): label_name: blond_hair
2026-02-24 13:12:24 [DEBUG] potato.server_utils.schemas.identifier_utils (identifier_utils.py:211): Returning empty string - no validation requirements met
2026-02-24 13:12:24 [DEBUG] potato.server_utils.schemas.identifier_utils (identifier_utils.py:193): generate_validation_attribute called with label_requirement: {}
2026-02-24 13:12:24 [DEBUG] potato.server_utils.schemas.identifier_utils (identifier_utils.py:194): label_name: brown_hair
2026-02-24 13:12:24 [DEBUG] potato.server_utils.schemas.identifier_utils (identifier_utils.py:211): Returning empty string - no validation requirements met
2026-02-24 13:12:24 [DEBUG] potato.server_utils.schemas.identifier_utils (identifier_utils.py:193): generate_validation_attribute called with label_requirement: {}
2026-02-24 13:12:24 [DEBUG] potato.server_utils.schemas.identifier_utils (identifier_utils.py:194): label_name: gray_hair
2026-02-24 13:12:24 [DEBUG] potato.server_utils.schemas.identifier_utils (identifier_utils.py:211): Returning empty string - no validation requirements met
2026-02-24 13:12:24 [DEBUG] potato.server_utils.schemas.identifier_utils (identifier_utils.py:193): generate_validation_attribute called with label_requirement: {}
2026-02-24 13:12:24 [DEBUG] potato.server_utils.schemas.identifier_utils (identifier_utils.py:194): label_name: straight_hair
2026-02-24 13:12:24 [DEBUG] potato.server_utils.schemas.identifier_utils (identifier_utils.py:211): Returning empty string - no validation requirements met
2026-02-24 13:12:24 [DEBUG] potato.server_utils.schemas.identifier_utils (identifier_utils.py:193): generate_validation_attribute called with label_requirement: {}
2026-02-24 13:12:24 [DEBUG] potato.server_utils.schemas.identifier_utils (identifier_utils.py:194): label_name: wavy_hair
2026-02-24 13:12:24 [DEBUG] potato.server_utils.schemas.identifier_utils (identifier_utils.py:211): Returning empty string - no validation requirements met
2026-02-24 13:12:24 [DEBUG] potato.server_utils.schemas.identifier_utils (identifier_utils.py:193): generate_validation_attribute called with label_requirement: {}
2026-02-24 13:12:24 [DEBUG] potato.server_utils.schemas.identifier_utils (identifier_utils.py:194): label_name: receding_hairline
2026-02-24 13:12:24 [DEBUG] potato.server_utils.schemas.identifier_utils (identifier_utils.py:211): Returning empty string - no validation requirements met
2026-02-24 13:12:24 [INFO] potato.server_utils.schemas.multiselect (multiselect.py:161): Successfully generated multiselect layout for hair_attributes with 9 options
2026-02-24 13:12:24 [DEBUG] potato.server_utils.schemas.registry (registry.py:129): Generating layout for annotation type: multiselect
2026-02-24 13:12:24 [DEBUG] potato.server_utils.schemas.identifier_utils (identifier_utils.py:68): Schema configuration validation passed for: facial_features
2026-02-24 13:12:24 [DEBUG] potato.server_utils.schemas.multiselect (multiselect.py:68): Generating multiselect layout for schema: facial_features
2026-02-24 13:12:24 [DEBUG] potato.ai.ai_help_wrapper (ai_help_wrapper.py:200): [get_ai_wrapper] DYNAMICAIHELP is None
2026-02-24 13:12:24 [DEBUG] potato.ai.ai_help_wrapper (ai_help_wrapper.py:202): [get_ai_wrapper] Returning: 'empty...'
2026-02-24 13:12:24 [DEBUG] potato.server_utils.schemas.multiselect (multiselect.py:89): Using 1 column layout
2026-02-24 13:12:24 [DEBUG] potato.server_utils.schemas.identifier_utils (identifier_utils.py:193): generate_validation_attribute called with label_requirement: {}
2026-02-24 13:12:24 [DEBUG] potato.server_utils.schemas.identifier_utils (identifier_utils.py:194): label_name: arched_eyebrows
2026-02-24 13:12:24 [DEBUG] potato.server_utils.schemas.identifier_utils (identifier_utils.py:211): Returning empty string - no validation requirements met
2026-02-24 13:12:24 [DEBUG] potato.server_utils.schemas.identifier_utils (identifier_utils.py:193): generate_validation_attribute called with label_requirement: {}
2026-02-24 13:12:24 [DEBUG] potato.server_utils.schemas.identifier_utils (identifier_utils.py:194): label_name: bushy_eyebrows
2026-02-24 13:12:24 [DEBUG] potato.server_utils.schemas.identifier_utils (identifier_utils.py:211): Returning empty string - no validation requirements met
2026-02-24 13:12:24 [DEBUG] potato.server_utils.schemas.identifier_utils (identifier_utils.py:193): generate_validation_attribute called with label_requirement: {}
2026-02-24 13:12:24 [DEBUG] potato.server_utils.schemas.identifier_utils (identifier_utils.py:194): label_name: big_lips
2026-02-24 13:12:24 [DEBUG] potato.server_utils.schemas.identifier_utils (identifier_utils.py:211): Returning empty string - no validation requirements met
2026-02-24 13:12:24 [DEBUG] potato.server_utils.schemas.identifier_utils (identifier_utils.py:193): generate_validation_attribute called with label_requirement: {}
2026-02-24 13:12:24 [DEBUG] potato.server_utils.schemas.identifier_utils (identifier_utils.py:194): label_name: big_nose
2026-02-24 13:12:24 [DEBUG] potato.server_utils.schemas.identifier_utils (identifier_utils.py:211): Returning empty string - no validation requirements met
2026-02-24 13:12:24 [DEBUG] potato.server_utils.schemas.identifier_utils (identifier_utils.py:193): generate_validation_attribute called with label_requirement: {}
2026-02-24 13:12:24 [DEBUG] potato.server_utils.schemas.identifier_utils (identifier_utils.py:194): label_name: pointy_nose
2026-02-24 13:12:24 [DEBUG] potato.server_utils.schemas.identifier_utils (identifier_utils.py:211): Returning empty string - no validation requirements met
2026-02-24 13:12:24 [DEBUG] potato.server_utils.schemas.identifier_utils (identifier_utils.py:193): generate_validation_attribute called with label_requirement: {}
2026-02-24 13:12:24 [DEBUG] potato.server_utils.schemas.identifier_utils (identifier_utils.py:194): label_name: high_cheekbones
2026-02-24 13:12:24 [DEBUG] potato.server_utils.schemas.identifier_utils (identifier_utils.py:211): Returning empty string - no validation requirements met
2026-02-24 13:12:24 [DEBUG] potato.server_utils.schemas.identifier_utils (identifier_utils.py:193): generate_validation_attribute called with label_requirement: {}
2026-02-24 13:12:24 [DEBUG] potato.server_utils.schemas.identifier_utils (identifier_utils.py:194): label_name: narrow_eyes
2026-02-24 13:12:24 [DEBUG] potato.server_utils.schemas.identifier_utils (identifier_utils.py:211): Returning empty string - no validation requirements met
2026-02-24 13:12:24 [DEBUG] potato.server_utils.schemas.identifier_utils (identifier_utils.py:193): generate_validation_attribute called with label_requirement: {}
2026-02-24 13:12:24 [DEBUG] potato.server_utils.schemas.identifier_utils (identifier_utils.py:194): label_name: bags_under_eyes
2026-02-24 13:12:24 [DEBUG] potato.server_utils.schemas.identifier_utils (identifier_utils.py:211): Returning empty string - no validation requirements met
2026-02-24 13:12:24 [DEBUG] potato.server_utils.schemas.identifier_utils (identifier_utils.py:193): generate_validation_attribute called with label_requirement: {}
2026-02-24 13:12:24 [DEBUG] potato.server_utils.schemas.identifier_utils (identifier_utils.py:194): label_name: double_chin
2026-02-24 13:12:24 [DEBUG] potato.server_utils.schemas.identifier_utils (identifier_utils.py:211): Returning empty string - no validation requirements met
2026-02-24 13:12:24 [INFO] potato.server_utils.schemas.multiselect (multiselect.py:161): Successfully generated multiselect layout for facial_features with 9 options
2026-02-24 13:12:24 [DEBUG] potato.server_utils.schemas.registry (registry.py:129): Generating layout for annotation type: multiselect
2026-02-24 13:12:24 [DEBUG] potato.server_utils.schemas.identifier_utils (identifier_utils.py:68): Schema configuration validation passed for: facial_hair
2026-02-24 13:12:24 [DEBUG] potato.server_utils.schemas.multiselect (multiselect.py:68): Generating multiselect layout for schema: facial_hair
2026-02-24 13:12:24 [DEBUG] potato.ai.ai_help_wrapper (ai_help_wrapper.py:200): [get_ai_wrapper] DYNAMICAIHELP is None
2026-02-24 13:12:24 [DEBUG] potato.ai.ai_help_wrapper (ai_help_wrapper.py:202): [get_ai_wrapper] Returning: 'empty...'
2026-02-24 13:12:24 [DEBUG] potato.server_utils.schemas.multiselect (multiselect.py:89): Using 1 column layout
2026-02-24 13:12:24 [DEBUG] potato.server_utils.schemas.identifier_utils (identifier_utils.py:193): generate_validation_attribute called with label_requirement: {}
2026-02-24 13:12:24 [DEBUG] potato.server_utils.schemas.identifier_utils (identifier_utils.py:194): label_name: 5_o_clock_shadow
2026-02-24 13:12:24 [DEBUG] potato.server_utils.schemas.identifier_utils (identifier_utils.py:211): Returning empty string - no validation requirements met
2026-02-24 13:12:24 [DEBUG] potato.server_utils.schemas.identifier_utils (identifier_utils.py:193): generate_validation_attribute called with label_requirement: {}
2026-02-24 13:12:24 [DEBUG] potato.server_utils.schemas.identifier_utils (identifier_utils.py:194): label_name: goatee
2026-02-24 13:12:24 [DEBUG] potato.server_utils.schemas.identifier_utils (identifier_utils.py:211): Returning empty string - no validation requirements met
2026-02-24 13:12:24 [DEBUG] potato.server_utils.schemas.identifier_utils (identifier_utils.py:193): generate_validation_attribute called with label_requirement: {}
2026-02-24 13:12:24 [DEBUG] potato.server_utils.schemas.identifier_utils (identifier_utils.py:194): label_name: mustache
2026-02-24 13:12:24 [DEBUG] potato.server_utils.schemas.identifier_utils (identifier_utils.py:211): Returning empty string - no validation requirements met
2026-02-24 13:12:24 [DEBUG] potato.server_utils.schemas.identifier_utils (identifier_utils.py:193): generate_validation_attribute called with label_requirement: {}
2026-02-24 13:12:24 [DEBUG] potato.server_utils.schemas.identifier_utils (identifier_utils.py:194): label_name: no_beard
2026-02-24 13:12:24 [DEBUG] potato.server_utils.schemas.identifier_utils (identifier_utils.py:211): Returning empty string - no validation requirements met
2026-02-24 13:12:24 [DEBUG] potato.server_utils.schemas.identifier_utils (identifier_utils.py:193): generate_validation_attribute called with label_requirement: {}
2026-02-24 13:12:24 [DEBUG] potato.server_utils.schemas.identifier_utils (identifier_utils.py:194): label_name: sideburns
2026-02-24 13:12:24 [DEBUG] potato.server_utils.schemas.identifier_utils (identifier_utils.py:211): Returning empty string - no validation requirements met
2026-02-24 13:12:24 [INFO] potato.server_utils.schemas.multiselect (multiselect.py:161): Successfully generated multiselect layout for facial_hair with 5 options
2026-02-24 13:12:24 [DEBUG] potato.server_utils.schemas.registry (registry.py:129): Generating layout for annotation type: multiselect
2026-02-24 13:12:24 [DEBUG] potato.server_utils.schemas.identifier_utils (identifier_utils.py:68): Schema configuration validation passed for: accessories
2026-02-24 13:12:24 [DEBUG] potato.server_utils.schemas.multiselect (multiselect.py:68): Generating multiselect layout for schema: accessories
2026-02-24 13:12:24 [DEBUG] potato.ai.ai_help_wrapper (ai_help_wrapper.py:200): [get_ai_wrapper] DYNAMICAIHELP is None
2026-02-24 13:12:24 [DEBUG] potato.ai.ai_help_wrapper (ai_help_wrapper.py:202): [get_ai_wrapper] Returning: 'empty...'
2026-02-24 13:12:24 [DEBUG] potato.server_utils.schemas.multiselect (multiselect.py:89): Using 1 column layout
2026-02-24 13:12:24 [DEBUG] potato.server_utils.schemas.identifier_utils (identifier_utils.py:193): generate_validation_attribute called with label_requirement: {}
2026-02-24 13:12:24 [DEBUG] potato.server_utils.schemas.identifier_utils (identifier_utils.py:194): label_name: eyeglasses
2026-02-24 13:12:24 [DEBUG] potato.server_utils.schemas.identifier_utils (identifier_utils.py:211): Returning empty string - no validation requirements met
2026-02-24 13:12:24 [DEBUG] potato.server_utils.schemas.identifier_utils (identifier_utils.py:193): generate_validation_attribute called with label_requirement: {}
2026-02-24 13:12:24 [DEBUG] potato.server_utils.schemas.identifier_utils (identifier_utils.py:194): label_name: wearing_hat
2026-02-24 13:12:24 [DEBUG] potato.server_utils.schemas.identifier_utils (identifier_utils.py:211): Returning empty string - no validation requirements met
2026-02-24 13:12:24 [DEBUG] potato.server_utils.schemas.identifier_utils (identifier_utils.py:193): generate_validation_attribute called with label_requirement: {}
2026-02-24 13:12:24 [DEBUG] potato.server_utils.schemas.identifier_utils (identifier_utils.py:194): label_name: wearing_earrings
2026-02-24 13:12:24 [DEBUG] potato.server_utils.schemas.identifier_utils (identifier_utils.py:211): Returning empty string - no validation requirements met
2026-02-24 13:12:24 [DEBUG] potato.server_utils.schemas.identifier_utils (identifier_utils.py:193): generate_validation_attribute called with label_requirement: {}
2026-02-24 13:12:24 [DEBUG] potato.server_utils.schemas.identifier_utils (identifier_utils.py:194): label_name: wearing_necktie
2026-02-24 13:12:24 [DEBUG] potato.server_utils.schemas.identifier_utils (identifier_utils.py:211): Returning empty string - no validation requirements met
2026-02-24 13:12:24 [DEBUG] potato.server_utils.schemas.identifier_utils (identifier_utils.py:193): generate_validation_attribute called with label_requirement: {}
2026-02-24 13:12:24 [DEBUG] potato.server_utils.schemas.identifier_utils (identifier_utils.py:194): label_name: wearing_lipstick
2026-02-24 13:12:24 [DEBUG] potato.server_utils.schemas.identifier_utils (identifier_utils.py:211): Returning empty string - no validation requirements met
2026-02-24 13:12:24 [DEBUG] potato.server_utils.schemas.identifier_utils (identifier_utils.py:193): generate_validation_attribute called with label_requirement: {}
2026-02-24 13:12:24 [DEBUG] potato.server_utils.schemas.identifier_utils (identifier_utils.py:194): label_name: heavy_makeup
2026-02-24 13:12:24 [DEBUG] potato.server_utils.schemas.identifier_utils (identifier_utils.py:211): Returning empty string - no validation requirements met
2026-02-24 13:12:24 [INFO] potato.server_utils.schemas.multiselect (multiselect.py:161): Successfully generated multiselect layout for accessories with 6 options
2026-02-24 13:12:24 [DEBUG] potato.server_utils.schemas.registry (registry.py:129): Generating layout for annotation type: multiselect
2026-02-24 13:12:24 [DEBUG] potato.server_utils.schemas.identifier_utils (identifier_utils.py:68): Schema configuration validation passed for: demographics
2026-02-24 13:12:24 [DEBUG] potato.server_utils.schemas.multiselect (multiselect.py:68): Generating multiselect layout for schema: demographics
2026-02-24 13:12:24 [DEBUG] potato.ai.ai_help_wrapper (ai_help_wrapper.py:200): [get_ai_wrapper] DYNAMICAIHELP is None
2026-02-24 13:12:24 [DEBUG] potato.ai.ai_help_wrapper (ai_help_wrapper.py:202): [get_ai_wrapper] Returning: 'empty...'
2026-02-24 13:12:24 [DEBUG] potato.server_utils.schemas.multiselect (multiselect.py:89): Using 1 column layout
2026-02-24 13:12:24 [DEBUG] potato.server_utils.schemas.identifier_utils (identifier_utils.py:193): generate_validation_attribute called with label_requirement: {}
2026-02-24 13:12:24 [DEBUG] potato.server_utils.schemas.identifier_utils (identifier_utils.py:194): label_name: male
2026-02-24 13:12:24 [DEBUG] potato.server_utils.schemas.identifier_utils (identifier_utils.py:211): Returning empty string - no validation requirements met
2026-02-24 13:12:24 [DEBUG] potato.server_utils.schemas.identifier_utils (identifier_utils.py:193): generate_validation_attribute called with label_requirement: {}
2026-02-24 13:12:24 [DEBUG] potato.server_utils.schemas.identifier_utils (identifier_utils.py:194): label_name: young
2026-02-24 13:12:24 [DEBUG] potato.server_utils.schemas.identifier_utils (identifier_utils.py:211): Returning empty string - no validation requirements met
2026-02-24 13:12:24 [DEBUG] potato.server_utils.schemas.identifier_utils (identifier_utils.py:193): generate_validation_attribute called with label_requirement: {}
2026-02-24 13:12:24 [DEBUG] potato.server_utils.schemas.identifier_utils (identifier_utils.py:194): label_name: attractive
2026-02-24 13:12:24 [DEBUG] potato.server_utils.schemas.identifier_utils (identifier_utils.py:211): Returning empty string - no validation requirements met
2026-02-24 13:12:24 [DEBUG] potato.server_utils.schemas.identifier_utils (identifier_utils.py:193): generate_validation_attribute called with label_requirement: {}
2026-02-24 13:12:24 [DEBUG] potato.server_utils.schemas.identifier_utils (identifier_utils.py:194): label_name: smiling
2026-02-24 13:12:24 [DEBUG] potato.server_utils.schemas.identifier_utils (identifier_utils.py:211): Returning empty string - no validation requirements met
2026-02-24 13:12:24 [INFO] potato.server_utils.schemas.multiselect (multiselect.py:161): Successfully generated multiselect layout for demographics with 4 options
2026-02-24 13:12:24 [INFO] server_utils.front_end (front_end.py:92): Generated annotation layout file: /Users/jurgens/Documents/Projects/potato-showcase/image/specialized/celeba/layouts/task_layout.html
2026-02-24 13:12:24 [DEBUG] potato.server_utils.schemas.registry (registry.py:129): Generating layout for annotation type: multiselect
2026-02-24 13:12:24 [DEBUG] potato.server_utils.schemas.identifier_utils (identifier_utils.py:68): Schema configuration validation passed for: hair_attributes
2026-02-24 13:12:24 [DEBUG] potato.server_utils.schemas.multiselect (multiselect.py:68): Generating multiselect layout for schema: hair_attributes
2026-02-24 13:12:24 [DEBUG] potato.ai.ai_help_wrapper (ai_help_wrapper.py:200): [get_ai_wrapper] DYNAMICAIHELP is None
2026-02-24 13:12:24 [DEBUG] potato.ai.ai_help_wrapper (ai_help_wrapper.py:202): [get_ai_wrapper] Returning: 'empty...'
2026-02-24 13:12:24 [DEBUG] potato.server_utils.schemas.multiselect (multiselect.py:89): Using 1 column layout
2026-02-24 13:12:24 [DEBUG] potato.server_utils.schemas.identifier_utils (identifier_utils.py:193): generate_validation_attribute called with label_requirement: {}
2026-02-24 13:12:24 [DEBUG] potato.server_utils.schemas.identifier_utils (identifier_utils.py:194): label_name: bald
2026-02-24 13:12:24 [DEBUG] potato.server_utils.schemas.identifier_utils (identifier_utils.py:211): Returning empty string - no validation requirements met
2026-02-24 13:12:24 [DEBUG] potato.server_utils.schemas.identifier_utils (identifier_utils.py:193): generate_validation_attribute called with label_requirement: {}
2026-02-24 13:12:24 [DEBUG] potato.server_utils.schemas.identifier_utils (identifier_utils.py:194): label_name: bangs
2026-02-24 13:12:24 [DEBUG] potato.server_utils.schemas.identifier_utils (identifier_utils.py:211): Returning empty string - no validation requirements met
2026-02-24 13:12:24 [DEBUG] potato.server_utils.schemas.identifier_utils (identifier_utils.py:193): generate_validation_attribute called with label_requirement: {}
2026-02-24 13:12:24 [DEBUG] potato.server_utils.schemas.identifier_utils (identifier_utils.py:194): label_name: black_hair
2026-02-24 13:12:24 [DEBUG] potato.server_utils.schemas.identifier_utils (identifier_utils.py:211): Returning empty string - no validation requirements met
2026-02-24 13:12:24 [DEBUG] potato.server_utils.schemas.identifier_utils (identifier_utils.py:193): generate_validation_attribute called with label_requirement: {}
2026-02-24 13:12:24 [DEBUG] potato.server_utils.schemas.identifier_utils (identifier_utils.py:194): label_name: blond_hair
2026-02-24 13:12:24 [DEBUG] potato.server_utils.schemas.identifier_utils (identifier_utils.py:211): Returning empty string - no validation requirements met
2026-02-24 13:12:24 [DEBUG] potato.server_utils.schemas.identifier_utils (identifier_utils.py:193): generate_validation_attribute called with label_requirement: {}
2026-02-24 13:12:24 [DEBUG] potato.server_utils.schemas.identifier_utils (identifier_utils.py:194): label_name: brown_hair
2026-02-24 13:12:24 [DEBUG] potato.server_utils.schemas.identifier_utils (identifier_utils.py:211): Returning empty string - no validation requirements met
2026-02-24 13:12:24 [DEBUG] potato.server_utils.schemas.identifier_utils (identifier_utils.py:193): generate_validation_attribute called with label_requirement: {}
2026-02-24 13:12:24 [DEBUG] potato.server_utils.schemas.identifier_utils (identifier_utils.py:194): label_name: gray_hair
2026-02-24 13:12:24 [DEBUG] potato.server_utils.schemas.identifier_utils (identifier_utils.py:211): Returning empty string - no validation requirements met
2026-02-24 13:12:24 [DEBUG] potato.server_utils.schemas.identifier_utils (identifier_utils.py:193): generate_validation_attribute called with label_requirement: {}
2026-02-24 13:12:24 [DEBUG] potato.server_utils.schemas.identifier_utils (identifier_utils.py:194): label_name: straight_hair
2026-02-24 13:12:24 [DEBUG] potato.server_utils.schemas.identifier_utils (identifier_utils.py:211): Returning empty string - no validation requirements met
2026-02-24 13:12:24 [DEBUG] potato.server_utils.schemas.identifier_utils (identifier_utils.py:193): generate_validation_attribute called with label_requirement: {}
2026-02-24 13:12:24 [DEBUG] potato.server_utils.schemas.identifier_utils (identifier_utils.py:194): label_name: wavy_hair
2026-02-24 13:12:24 [DEBUG] potato.server_utils.schemas.identifier_utils (identifier_utils.py:211): Returning empty string - no validation requirements met
2026-02-24 13:12:24 [DEBUG] potato.server_utils.schemas.identifier_utils (identifier_utils.py:193): generate_validation_attribute called with label_requirement: {}
2026-02-24 13:12:24 [DEBUG] potato.server_utils.schemas.identifier_utils (identifier_utils.py:194): label_name: receding_hairline
2026-02-24 13:12:24 [DEBUG] potato.server_utils.schemas.identifier_utils (identifier_utils.py:211): Returning empty string - no validation requirements met
2026-02-24 13:12:24 [INFO] potato.server_utils.schemas.multiselect (multiselect.py:161): Successfully generated multiselect layout for hair_attributes with 9 options
2026-02-24 13:12:24 [DEBUG] potato.server_utils.schemas.registry (registry.py:129): Generating layout for annotation type: multiselect
2026-02-24 13:12:24 [DEBUG] potato.server_utils.schemas.identifier_utils (identifier_utils.py:68): Schema configuration validation passed for: facial_features
2026-02-24 13:12:24 [DEBUG] potato.server_utils.schemas.multiselect (multiselect.py:68): Generating multiselect layout for schema: facial_features
2026-02-24 13:12:24 [DEBUG] potato.ai.ai_help_wrapper (ai_help_wrapper.py:200): [get_ai_wrapper] DYNAMICAIHELP is None
2026-02-24 13:12:24 [DEBUG] potato.ai.ai_help_wrapper (ai_help_wrapper.py:202): [get_ai_wrapper] Returning: 'empty...'
2026-02-24 13:12:24 [DEBUG] potato.server_utils.schemas.multiselect (multiselect.py:89): Using 1 column layout
2026-02-24 13:12:24 [DEBUG] potato.server_utils.schemas.identifier_utils (identifier_utils.py:193): generate_validation_attribute called with label_requirement: {}
2026-02-24 13:12:24 [DEBUG] potato.server_utils.schemas.identifier_utils (identifier_utils.py:194): label_name: arched_eyebrows
2026-02-24 13:12:24 [DEBUG] potato.server_utils.schemas.identifier_utils (identifier_utils.py:211): Returning empty string - no validation requirements met
2026-02-24 13:12:24 [DEBUG] potato.server_utils.schemas.identifier_utils (identifier_utils.py:193): generate_validation_attribute called with label_requirement: {}
2026-02-24 13:12:24 [DEBUG] potato.server_utils.schemas.identifier_utils (identifier_utils.py:194): label_name: bushy_eyebrows
2026-02-24 13:12:24 [DEBUG] potato.server_utils.schemas.identifier_utils (identifier_utils.py:211): Returning empty string - no validation requirements met
2026-02-24 13:12:24 [DEBUG] potato.server_utils.schemas.identifier_utils (identifier_utils.py:193): generate_validation_attribute called with label_requirement: {}
2026-02-24 13:12:24 [DEBUG] potato.server_utils.schemas.identifier_utils (identifier_utils.py:194): label_name: big_lips
2026-02-24 13:12:24 [DEBUG] potato.server_utils.schemas.identifier_utils (identifier_utils.py:211): Returning empty string - no validation requirements met
2026-02-24 13:12:24 [DEBUG] potato.server_utils.schemas.identifier_utils (identifier_utils.py:193): generate_validation_attribute called with label_requirement: {}
2026-02-24 13:12:24 [DEBUG] potato.server_utils.schemas.identifier_utils (identifier_utils.py:194): label_name: big_nose
2026-02-24 13:12:24 [DEBUG] potato.server_utils.schemas.identifier_utils (identifier_utils.py:211): Returning empty string - no validation requirements met
2026-02-24 13:12:24 [DEBUG] potato.server_utils.schemas.identifier_utils (identifier_utils.py:193): generate_validation_attribute called with label_requirement: {}
2026-02-24 13:12:24 [DEBUG] potato.server_utils.schemas.identifier_utils (identifier_utils.py:194): label_name: pointy_nose
2026-02-24 13:12:24 [DEBUG] potato.server_utils.schemas.identifier_utils (identifier_utils.py:211): Returning empty string - no validation requirements met
2026-02-24 13:12:24 [DEBUG] potato.server_utils.schemas.identifier_utils (identifier_utils.py:193): generate_validation_attribute called with label_requirement: {}
2026-02-24 13:12:24 [DEBUG] potato.server_utils.schemas.identifier_utils (identifier_utils.py:194): label_name: high_cheekbones
2026-02-24 13:12:24 [DEBUG] potato.server_utils.schemas.identifier_utils (identifier_utils.py:211): Returning empty string - no validation requirements met
2026-02-24 13:12:24 [DEBUG] potato.server_utils.schemas.identifier_utils (identifier_utils.py:193): generate_validation_attribute called with label_requirement: {}
2026-02-24 13:12:24 [DEBUG] potato.server_utils.schemas.identifier_utils (identifier_utils.py:194): label_name: narrow_eyes
2026-02-24 13:12:24 [DEBUG] potato.server_utils.schemas.identifier_utils (identifier_utils.py:211): Returning empty string - no validation requirements met
2026-02-24 13:12:24 [DEBUG] potato.server_utils.schemas.identifier_utils (identifier_utils.py:193): generate_validation_attribute called with label_requirement: {}
2026-02-24 13:12:24 [DEBUG] potato.server_utils.schemas.identifier_utils (identifier_utils.py:194): label_name: bags_under_eyes
2026-02-24 13:12:24 [DEBUG] potato.server_utils.schemas.identifier_utils (identifier_utils.py:211): Returning empty string - no validation requirements met
2026-02-24 13:12:24 [DEBUG] potato.server_utils.schemas.identifier_utils (identifier_utils.py:193): generate_validation_attribute called with label_requirement: {}
2026-02-24 13:12:24 [DEBUG] potato.server_utils.schemas.identifier_utils (identifier_utils.py:194): label_name: double_chin
2026-02-24 13:12:24 [DEBUG] potato.server_utils.schemas.identifier_utils (identifier_utils.py:211): Returning empty string - no validation requirements met
2026-02-24 13:12:24 [INFO] potato.server_utils.schemas.multiselect (multiselect.py:161): Successfully generated multiselect layout for facial_features with 9 options
2026-02-24 13:12:24 [DEBUG] potato.server_utils.schemas.registry (registry.py:129): Generating layout for annotation type: multiselect
2026-02-24 13:12:24 [DEBUG] potato.server_utils.schemas.identifier_utils (identifier_utils.py:68): Schema configuration validation passed for: facial_hair
2026-02-24 13:12:24 [DEBUG] potato.server_utils.schemas.multiselect (multiselect.py:68): Generating multiselect layout for schema: facial_hair
2026-02-24 13:12:24 [DEBUG] potato.ai.ai_help_wrapper (ai_help_wrapper.py:200): [get_ai_wrapper] DYNAMICAIHELP is None
2026-02-24 13:12:24 [DEBUG] potato.ai.ai_help_wrapper (ai_help_wrapper.py:202): [get_ai_wrapper] Returning: 'empty...'
2026-02-24 13:12:24 [DEBUG] potato.server_utils.schemas.multiselect (multiselect.py:89): Using 1 column layout
2026-02-24 13:12:24 [DEBUG] potato.server_utils.schemas.identifier_utils (identifier_utils.py:193): generate_validation_attribute called with label_requirement: {}
2026-02-24 13:12:24 [DEBUG] potato.server_utils.schemas.identifier_utils (identifier_utils.py:194): label_name: 5_o_clock_shadow
2026-02-24 13:12:24 [DEBUG] potato.server_utils.schemas.identifier_utils (identifier_utils.py:211): Returning empty string - no validation requirements met
2026-02-24 13:12:24 [DEBUG] potato.server_utils.schemas.identifier_utils (identifier_utils.py:193): generate_validation_attribute called with label_requirement: {}
2026-02-24 13:12:24 [DEBUG] potato.server_utils.schemas.identifier_utils (identifier_utils.py:194): label_name: goatee
2026-02-24 13:12:24 [DEBUG] potato.server_utils.schemas.identifier_utils (identifier_utils.py:211): Returning empty string - no validation requirements met
2026-02-24 13:12:24 [DEBUG] potato.server_utils.schemas.identifier_utils (identifier_utils.py:193): generate_validation_attribute called with label_requirement: {}
2026-02-24 13:12:24 [DEBUG] potato.server_utils.schemas.identifier_utils (identifier_utils.py:194): label_name: mustache
2026-02-24 13:12:24 [DEBUG] potato.server_utils.schemas.identifier_utils (identifier_utils.py:211): Returning empty string - no validation requirements met
2026-02-24 13:12:24 [DEBUG] potato.server_utils.schemas.identifier_utils (identifier_utils.py:193): generate_validation_attribute called with label_requirement: {}
2026-02-24 13:12:24 [DEBUG] potato.server_utils.schemas.identifier_utils (identifier_utils.py:194): label_name: no_beard
2026-02-24 13:12:24 [DEBUG] potato.server_utils.schemas.identifier_utils (identifier_utils.py:211): Returning empty string - no validation requirements met
2026-02-24 13:12:24 [DEBUG] potato.server_utils.schemas.identifier_utils (identifier_utils.py:193): generate_validation_attribute called with label_requirement: {}
2026-02-24 13:12:24 [DEBUG] potato.server_utils.schemas.identifier_utils (identifier_utils.py:194): label_name: sideburns
2026-02-24 13:12:24 [DEBUG] potato.server_utils.schemas.identifier_utils (identifier_utils.py:211): Returning empty string - no validation requirements met
2026-02-24 13:12:24 [INFO] potato.server_utils.schemas.multiselect (multiselect.py:161): Successfully generated multiselect layout for facial_hair with 5 options
2026-02-24 13:12:24 [DEBUG] potato.server_utils.schemas.registry (registry.py:129): Generating layout for annotation type: multiselect
2026-02-24 13:12:24 [DEBUG] potato.server_utils.schemas.identifier_utils (identifier_utils.py:68): Schema configuration validation passed for: accessories
2026-02-24 13:12:24 [DEBUG] potato.server_utils.schemas.multiselect (multiselect.py:68): Generating multiselect layout for schema: accessories
2026-02-24 13:12:24 [DEBUG] potato.ai.ai_help_wrapper (ai_help_wrapper.py:200): [get_ai_wrapper] DYNAMICAIHELP is None
2026-02-24 13:12:24 [DEBUG] potato.ai.ai_help_wrapper (ai_help_wrapper.py:202): [get_ai_wrapper] Returning: 'empty...'
2026-02-24 13:12:24 [DEBUG] potato.server_utils.schemas.multiselect (multiselect.py:89): Using 1 column layout
2026-02-24 13:12:24 [DEBUG] potato.server_utils.schemas.identifier_utils (identifier_utils.py:193): generate_validation_attribute called with label_requirement: {}
2026-02-24 13:12:24 [DEBUG] potato.server_utils.schemas.identifier_utils (identifier_utils.py:194): label_name: eyeglasses
2026-02-24 13:12:24 [DEBUG] potato.server_utils.schemas.identifier_utils (identifier_utils.py:211): Returning empty string - no validation requirements met
2026-02-24 13:12:24 [DEBUG] potato.server_utils.schemas.identifier_utils (identifier_utils.py:193): generate_validation_attribute called with label_requirement: {}
2026-02-24 13:12:24 [DEBUG] potato.server_utils.schemas.identifier_utils (identifier_utils.py:194): label_name: wearing_hat
2026-02-24 13:12:24 [DEBUG] potato.server_utils.schemas.identifier_utils (identifier_utils.py:211): Returning empty string - no validation requirements met
2026-02-24 13:12:24 [DEBUG] potato.server_utils.schemas.identifier_utils (identifier_utils.py:193): generate_validation_attribute called with label_requirement: {}
2026-02-24 13:12:24 [DEBUG] potato.server_utils.schemas.identifier_utils (identifier_utils.py:194): label_name: wearing_earrings
2026-02-24 13:12:24 [DEBUG] potato.server_utils.schemas.identifier_utils (identifier_utils.py:211): Returning empty string - no validation requirements met
2026-02-24 13:12:24 [DEBUG] potato.server_utils.schemas.identifier_utils (identifier_utils.py:193): generate_validation_attribute called with label_requirement: {}
2026-02-24 13:12:24 [DEBUG] potato.server_utils.schemas.identifier_utils (identifier_utils.py:194): label_name: wearing_necktie
2026-02-24 13:12:24 [DEBUG] potato.server_utils.schemas.identifier_utils (identifier_utils.py:211): Returning empty string - no validation requirements met
2026-02-24 13:12:24 [DEBUG] potato.server_utils.schemas.identifier_utils (identifier_utils.py:193): generate_validation_attribute called with label_requirement: {}
2026-02-24 13:12:24 [DEBUG] potato.server_utils.schemas.identifier_utils (identifier_utils.py:194): label_name: wearing_lipstick
2026-02-24 13:12:24 [DEBUG] potato.server_utils.schemas.identifier_utils (identifier_utils.py:211): Returning empty string - no validation requirements met
2026-02-24 13:12:24 [DEBUG] potato.server_utils.schemas.identifier_utils (identifier_utils.py:193): generate_validation_attribute called with label_requirement: {}
2026-02-24 13:12:24 [DEBUG] potato.server_utils.schemas.identifier_utils (identifier_utils.py:194): label_name: heavy_makeup
2026-02-24 13:12:24 [DEBUG] potato.server_utils.schemas.identifier_utils (identifier_utils.py:211): Returning empty string - no validation requirements met
2026-02-24 13:12:24 [INFO] potato.server_utils.schemas.multiselect (multiselect.py:161): Successfully generated multiselect layout for accessories with 6 options
2026-02-24 13:12:24 [DEBUG] potato.server_utils.schemas.registry (registry.py:129): Generating layout for annotation type: multiselect
2026-02-24 13:12:24 [DEBUG] potato.server_utils.schemas.identifier_utils (identifier_utils.py:68): Schema configuration validation passed for: demographics
2026-02-24 13:12:24 [DEBUG] potato.server_utils.schemas.multiselect (multiselect.py:68): Generating multiselect layout for schema: demographics
2026-02-24 13:12:24 [DEBUG] potato.ai.ai_help_wrapper (ai_help_wrapper.py:200): [get_ai_wrapper] DYNAMICAIHELP is None
2026-02-24 13:12:24 [DEBUG] potato.ai.ai_help_wrapper (ai_help_wrapper.py:202): [get_ai_wrapper] Returning: 'empty...'
2026-02-24 13:12:24 [DEBUG] potato.server_utils.schemas.multiselect (multiselect.py:89): Using 1 column layout
2026-02-24 13:12:24 [DEBUG] potato.server_utils.schemas.identifier_utils (identifier_utils.py:193): generate_validation_attribute called with label_requirement: {}
2026-02-24 13:12:24 [DEBUG] potato.server_utils.schemas.identifier_utils (identifier_utils.py:194): label_name: male
2026-02-24 13:12:24 [DEBUG] potato.server_utils.schemas.identifier_utils (identifier_utils.py:211): Returning empty string - no validation requirements met
2026-02-24 13:12:24 [DEBUG] potato.server_utils.schemas.identifier_utils (identifier_utils.py:193): generate_validation_attribute called with label_requirement: {}
2026-02-24 13:12:24 [DEBUG] potato.server_utils.schemas.identifier_utils (identifier_utils.py:194): label_name: young
2026-02-24 13:12:24 [DEBUG] potato.server_utils.schemas.identifier_utils (identifier_utils.py:211): Returning empty string - no validation requirements met
2026-02-24 13:12:24 [DEBUG] potato.server_utils.schemas.identifier_utils (identifier_utils.py:193): generate_validation_attribute called with label_requirement: {}
2026-02-24 13:12:24 [DEBUG] potato.server_utils.schemas.identifier_utils (identifier_utils.py:194): label_name: attractive
2026-02-24 13:12:24 [DEBUG] potato.server_utils.schemas.identifier_utils (identifier_utils.py:211): Returning empty string - no validation requirements met
2026-02-24 13:12:24 [DEBUG] potato.server_utils.schemas.identifier_utils (identifier_utils.py:193): generate_validation_attribute called with label_requirement: {}
2026-02-24 13:12:24 [DEBUG] potato.server_utils.schemas.identifier_utils (identifier_utils.py:194): label_name: smiling
2026-02-24 13:12:24 [DEBUG] potato.server_utils.schemas.identifier_utils (identifier_utils.py:211): Returning empty string - no validation requirements met
2026-02-24 13:12:24 [INFO] potato.server_utils.schemas.multiselect (multiselect.py:161): Successfully generated multiselect layout for demographics with 4 options
2026-02-24 13:12:24 [DEBUG] server_utils.front_end (front_end.py:363): Output HTML filename: /Users/jurgens/Documents/Projects/potato/potato/templates/generated/CelebA-Face-Attributes-base_template_v2.html
2026-02-24 13:12:24 [DEBUG] server_utils.front_end (front_end.py:376): writing annotation html to /Users/jurgens/Documents/Projects/potato/potato/templates/generated/CelebA-Face-Attributes-base_template_v2.html
2026-02-24 13:12:24 [DEBUG] potato.flask_server (flask_server.py:368): Loading data from 1 files
2026-02-24 13:12:24 [DEBUG] potato.flask_server (flask_server.py:386): Reading data from sample-data.json
2026-02-24 13:12:24 [DEBUG] potato.flask_server (flask_server.py:400): Parsed sample-data.json as JSON array with 3 items
2026-02-24 13:12:24 [DEBUG] potato.flask_server (flask_server.py:491): Loaded 3 instances from sample-data.json
2026-02-24 13:12:24 [INFO] potato.flask_server (flask_server.py:593): Loaded user data for 0 users
2026-02-24 13:12:24 [DEBUG] potato.flask_server (flask_server.py:995): Loaded keyword highlight settings: {'keyword_probability': 1.0, 'random_word_probability': 0.0, 'random_word_label': 'distractor', 'random_word_schema': 'keyword'}
2026-02-24 13:12:24 [DEBUG] potato.flask_server (flask_server.py:999): No keyword_highlights_file specified in config
2026-02-24 13:12:24 [DEBUG] potato.flask_server (flask_server.py:615): Training not enabled, skipping training data loading
2026-02-24 13:12:24 [DEBUG] potato.flask_server (flask_server.py:798): No Prolific configuration found
2026-02-24 13:12:24 [WARNING] potato.server_utils.mturk_apis (mturk_apis.py:466): boto3 not available, MTurk API disabled
2026-02-24 13:12:24 [DEBUG] potato.flask_server (flask_server.py:923): STATES: defaultdict(<class 'collections.OrderedDict'>, {<UserPhase.ANNOTATION: 'annotation'>: OrderedDict([('CelebA Face Attributes', 'CelebA-Face-Attributes-base_template_v2.html')])})
2026-02-24 13:12:24 [INFO] potato.flask_server (flask_server.py:2630): Knowledge base manager initialized
2026-02-24 13:12:24 [DEBUG] potato.flask_server (flask_server.py:2435): No audio_annotation schemes found, skipping WaveformService initialization
2026-02-24 13:12:24 [INFO] potato.flask_server (flask_server.py:2700): Password authentication required: True
2026-02-24 13:12:24 [INFO] potato.server_utils.html_sanitizer (html_sanitizer.py:319): Registered HTML sanitization Jinja2 filters
2026-02-24 13:46:05 [DEBUG] potato (logging_config.py:180): Logging initialized with level=DEBUG
2026-02-24 13:46:05 [DEBUG] potato.authentication (authentication.py:524): User config path: user_config.json
2026-02-24 13:46:05 [INFO] potato.authentication (authentication.py:530): Initialized UserAuthenticator with method: in_memory, require_password: True
2026-02-24 13:46:05 [INFO] potato.item_state_management (item_state_management.py:789): ItemStateManager initialized with random_seed=1234
2026-02-24 13:46:05 [INFO] server_utils.front_end (front_end.py:194): Generating anntotation site at /Users/jurgens/Documents/Projects/potato/potato/templates
2026-02-24 13:46:05 [DEBUG] server_utils.front_end (front_end.py:205): Reading html annotation template: /Users/jurgens/Documents/Projects/potato/potato/server_utils/../templates/base_template_v2.html
2026-02-24 13:46:05 [DEBUG] server_utils.front_end (front_end.py:215): Reading html header /Users/jurgens/Documents/Projects/potato/potato/server_utils/../templates/header.html
2026-02-24 13:46:05 [DEBUG] server_utils.front_end (front_end.py:241): Saw 5 annotation scheme(s)
2026-02-24 13:46:05 [INFO] server_utils.front_end (front_end.py:123): Annotation layout file not found or hash mismatch, generating: /Users/jurgens/Documents/Projects/potato-showcase/image/specialized/celeba/layouts/task_layout.html
2026-02-24 13:46:05 [DEBUG] potato.server_utils.schemas.registry (registry.py:129): Generating layout for annotation type: multiselect
2026-02-24 13:46:05 [DEBUG] potato.server_utils.schemas.identifier_utils (identifier_utils.py:68): Schema configuration validation passed for: hair_attributes
2026-02-24 13:46:05 [DEBUG] potato.server_utils.schemas.multiselect (multiselect.py:68): Generating multiselect layout for schema: hair_attributes
2026-02-24 13:46:05 [DEBUG] potato.ai.ai_help_wrapper (ai_help_wrapper.py:200): [get_ai_wrapper] DYNAMICAIHELP is None
2026-02-24 13:46:05 [DEBUG] potato.ai.ai_help_wrapper (ai_help_wrapper.py:202): [get_ai_wrapper] Returning: 'empty...'
2026-02-24 13:46:05 [DEBUG] potato.server_utils.schemas.multiselect (multiselect.py:89): Using 1 column layout
2026-02-24 13:46:05 [DEBUG] potato.server_utils.schemas.identifier_utils (identifier_utils.py:193): generate_validation_attribute called with label_requirement: {}
2026-02-24 13:46:05 [DEBUG] potato.server_utils.schemas.identifier_utils (identifier_utils.py:194): label_name: bald
2026-02-24 13:46:05 [DEBUG] potato.server_utils.schemas.identifier_utils (identifier_utils.py:211): Returning empty string - no validation requirements met
2026-02-24 13:46:05 [DEBUG] potato.server_utils.schemas.identifier_utils (identifier_utils.py:193): generate_validation_attribute called with label_requirement: {}
2026-02-24 13:46:05 [DEBUG] potato.server_utils.schemas.identifier_utils (identifier_utils.py:194): label_name: bangs
2026-02-24 13:46:05 [DEBUG] potato.server_utils.schemas.identifier_utils (identifier_utils.py:211): Returning empty string - no validation requirements met
2026-02-24 13:46:05 [DEBUG] potato.server_utils.schemas.identifier_utils (identifier_utils.py:193): generate_validation_attribute called with label_requirement: {}
2026-02-24 13:46:05 [DEBUG] potato.server_utils.schemas.identifier_utils (identifier_utils.py:194): label_name: black_hair
2026-02-24 13:46:05 [DEBUG] potato.server_utils.schemas.identifier_utils (identifier_utils.py:211): Returning empty string - no validation requirements met
2026-02-24 13:46:05 [DEBUG] potato.server_utils.schemas.identifier_utils (identifier_utils.py:193): generate_validation_attribute called with label_requirement: {}
2026-02-24 13:46:05 [DEBUG] potato.server_utils.schemas.identifier_utils (identifier_utils.py:194): label_name: blond_hair
2026-02-24 13:46:05 [DEBUG] potato.server_utils.schemas.identifier_utils (identifier_utils.py:211): Returning empty string - no validation requirements met
2026-02-24 13:46:05 [DEBUG] potato.server_utils.schemas.identifier_utils (identifier_utils.py:193): generate_validation_attribute called with label_requirement: {}
2026-02-24 13:46:05 [DEBUG] potato.server_utils.schemas.identifier_utils (identifier_utils.py:194): label_name: brown_hair
2026-02-24 13:46:05 [DEBUG] potato.server_utils.schemas.identifier_utils (identifier_utils.py:211): Returning empty string - no validation requirements met
2026-02-24 13:46:05 [DEBUG] potato.server_utils.schemas.identifier_utils (identifier_utils.py:193): generate_validation_attribute called with label_requirement: {}
2026-02-24 13:46:05 [DEBUG] potato.server_utils.schemas.identifier_utils (identifier_utils.py:194): label_name: gray_hair
2026-02-24 13:46:05 [DEBUG] potato.server_utils.schemas.identifier_utils (identifier_utils.py:211): Returning empty string - no validation requirements met
2026-02-24 13:46:05 [DEBUG] potato.server_utils.schemas.identifier_utils (identifier_utils.py:193): generate_validation_attribute called with label_requirement: {}
2026-02-24 13:46:05 [DEBUG] potato.server_utils.schemas.identifier_utils (identifier_utils.py:194): label_name: straight_hair
2026-02-24 13:46:05 [DEBUG] potato.server_utils.schemas.identifier_utils (identifier_utils.py:211): Returning empty string - no validation requirements met
2026-02-24 13:46:05 [DEBUG] potato.server_utils.schemas.identifier_utils (identifier_utils.py:193): generate_validation_attribute called with label_requirement: {}
2026-02-24 13:46:05 [DEBUG] potato.server_utils.schemas.identifier_utils (identifier_utils.py:194): label_name: wavy_hair
2026-02-24 13:46:05 [DEBUG] potato.server_utils.schemas.identifier_utils (identifier_utils.py:211): Returning empty string - no validation requirements met
2026-02-24 13:46:05 [DEBUG] potato.server_utils.schemas.identifier_utils (identifier_utils.py:193): generate_validation_attribute called with label_requirement: {}
2026-02-24 13:46:05 [DEBUG] potato.server_utils.schemas.identifier_utils (identifier_utils.py:194): label_name: receding_hairline
2026-02-24 13:46:05 [DEBUG] potato.server_utils.schemas.identifier_utils (identifier_utils.py:211): Returning empty string - no validation requirements met
2026-02-24 13:46:05 [INFO] potato.server_utils.schemas.multiselect (multiselect.py:161): Successfully generated multiselect layout for hair_attributes with 9 options
2026-02-24 13:46:05 [DEBUG] potato.server_utils.schemas.registry (registry.py:129): Generating layout for annotation type: multiselect
2026-02-24 13:46:05 [DEBUG] potato.server_utils.schemas.identifier_utils (identifier_utils.py:68): Schema configuration validation passed for: facial_features
2026-02-24 13:46:05 [DEBUG] potato.server_utils.schemas.multiselect (multiselect.py:68): Generating multiselect layout for schema: facial_features
2026-02-24 13:46:05 [DEBUG] potato.ai.ai_help_wrapper (ai_help_wrapper.py:200): [get_ai_wrapper] DYNAMICAIHELP is None
2026-02-24 13:46:05 [DEBUG] potato.ai.ai_help_wrapper (ai_help_wrapper.py:202): [get_ai_wrapper] Returning: 'empty...'
2026-02-24 13:46:05 [DEBUG] potato.server_utils.schemas.multiselect (multiselect.py:89): Using 1 column layout
2026-02-24 13:46:05 [DEBUG] potato.server_utils.schemas.identifier_utils (identifier_utils.py:193): generate_validation_attribute called with label_requirement: {}
2026-02-24 13:46:05 [DEBUG] potato.server_utils.schemas.identifier_utils (identifier_utils.py:194): label_name: arched_eyebrows
2026-02-24 13:46:05 [DEBUG] potato.server_utils.schemas.identifier_utils (identifier_utils.py:211): Returning empty string - no validation requirements met
2026-02-24 13:46:05 [DEBUG] potato.server_utils.schemas.identifier_utils (identifier_utils.py:193): generate_validation_attribute called with label_requirement: {}
2026-02-24 13:46:05 [DEBUG] potato.server_utils.schemas.identifier_utils (identifier_utils.py:194): label_name: bushy_eyebrows
2026-02-24 13:46:05 [DEBUG] potato.server_utils.schemas.identifier_utils (identifier_utils.py:211): Returning empty string - no validation requirements met
2026-02-24 13:46:05 [DEBUG] potato.server_utils.schemas.identifier_utils (identifier_utils.py:193): generate_validation_attribute called with label_requirement: {}
2026-02-24 13:46:05 [DEBUG] potato.server_utils.schemas.identifier_utils (identifier_utils.py:194): label_name: big_lips
2026-02-24 13:46:05 [DEBUG] potato.server_utils.schemas.identifier_utils (identifier_utils.py:211): Returning empty string - no validation requirements met
2026-02-24 13:46:05 [DEBUG] potato.server_utils.schemas.identifier_utils (identifier_utils.py:193): generate_validation_attribute called with label_requirement: {}
2026-02-24 13:46:05 [DEBUG] potato.server_utils.schemas.identifier_utils (identifier_utils.py:194): label_name: big_nose
2026-02-24 13:46:05 [DEBUG] potato.server_utils.schemas.identifier_utils (identifier_utils.py:211): Returning empty string - no validation requirements met
2026-02-24 13:46:05 [DEBUG] potato.server_utils.schemas.identifier_utils (identifier_utils.py:193): generate_validation_attribute called with label_requirement: {}
2026-02-24 13:46:05 [DEBUG] potato.server_utils.schemas.identifier_utils (identifier_utils.py:194): label_name: pointy_nose
2026-02-24 13:46:05 [DEBUG] potato.server_utils.schemas.identifier_utils (identifier_utils.py:211): Returning empty string - no validation requirements met
2026-02-24 13:46:05 [DEBUG] potato.server_utils.schemas.identifier_utils (identifier_utils.py:193): generate_validation_attribute called with label_requirement: {}
2026-02-24 13:46:05 [DEBUG] potato.server_utils.schemas.identifier_utils (identifier_utils.py:194): label_name: high_cheekbones
2026-02-24 13:46:05 [DEBUG] potato.server_utils.schemas.identifier_utils (identifier_utils.py:211): Returning empty string - no validation requirements met
2026-02-24 13:46:05 [DEBUG] potato.server_utils.schemas.identifier_utils (identifier_utils.py:193): generate_validation_attribute called with label_requirement: {}
2026-02-24 13:46:05 [DEBUG] potato.server_utils.schemas.identifier_utils (identifier_utils.py:194): label_name: narrow_eyes
2026-02-24 13:46:05 [DEBUG] potato.server_utils.schemas.identifier_utils (identifier_utils.py:211): Returning empty string - no validation requirements met
2026-02-24 13:46:05 [DEBUG] potato.server_utils.schemas.identifier_utils (identifier_utils.py:193): generate_validation_attribute called with label_requirement: {}
2026-02-24 13:46:05 [DEBUG] potato.server_utils.schemas.identifier_utils (identifier_utils.py:194): label_name: bags_under_eyes
2026-02-24 13:46:05 [DEBUG] potato.server_utils.schemas.identifier_utils (identifier_utils.py:211): Returning empty string - no validation requirements met
2026-02-24 13:46:05 [DEBUG] potato.server_utils.schemas.identifier_utils (identifier_utils.py:193): generate_validation_attribute called with label_requirement: {}
2026-02-24 13:46:05 [DEBUG] potato.server_utils.schemas.identifier_utils (identifier_utils.py:194): label_name: double_chin
2026-02-24 13:46:05 [DEBUG] potato.server_utils.schemas.identifier_utils (identifier_utils.py:211): Returning empty string - no validation requirements met
2026-02-24 13:46:05 [INFO] potato.server_utils.schemas.multiselect (multiselect.py:161): Successfully generated multiselect layout for facial_features with 9 options
2026-02-24 13:46:05 [DEBUG] potato.server_utils.schemas.registry (registry.py:129): Generating layout for annotation type: multiselect
2026-02-24 13:46:05 [DEBUG] potato.server_utils.schemas.identifier_utils (identifier_utils.py:68): Schema configuration validation passed for: facial_hair
2026-02-24 13:46:05 [DEBUG] potato.server_utils.schemas.multiselect (multiselect.py:68): Generating multiselect layout for schema: facial_hair
2026-02-24 13:46:05 [DEBUG] potato.ai.ai_help_wrapper (ai_help_wrapper.py:200): [get_ai_wrapper] DYNAMICAIHELP is None
2026-02-24 13:46:05 [DEBUG] potato.ai.ai_help_wrapper (ai_help_wrapper.py:202): [get_ai_wrapper] Returning: 'empty...'
2026-02-24 13:46:05 [DEBUG] potato.server_utils.schemas.multiselect (multiselect.py:89): Using 1 column layout
2026-02-24 13:46:05 [DEBUG] potato.server_utils.schemas.identifier_utils (identifier_utils.py:193): generate_validation_attribute called with label_requirement: {}
2026-02-24 13:46:05 [DEBUG] potato.server_utils.schemas.identifier_utils (identifier_utils.py:194): label_name: 5_o_clock_shadow
2026-02-24 13:46:05 [DEBUG] potato.server_utils.schemas.identifier_utils (identifier_utils.py:211): Returning empty string - no validation requirements met
2026-02-24 13:46:05 [DEBUG] potato.server_utils.schemas.identifier_utils (identifier_utils.py:193): generate_validation_attribute called with label_requirement: {}
2026-02-24 13:46:05 [DEBUG] potato.server_utils.schemas.identifier_utils (identifier_utils.py:194): label_name: goatee
2026-02-24 13:46:05 [DEBUG] potato.server_utils.schemas.identifier_utils (identifier_utils.py:211): Returning empty string - no validation requirements met
2026-02-24 13:46:05 [DEBUG] potato.server_utils.schemas.identifier_utils (identifier_utils.py:193): generate_validation_attribute called with label_requirement: {}
2026-02-24 13:46:05 [DEBUG] potato.server_utils.schemas.identifier_utils (identifier_utils.py:194): label_name: mustache
2026-02-24 13:46:05 [DEBUG] potato.server_utils.schemas.identifier_utils (identifier_utils.py:211): Returning empty string - no validation requirements met
2026-02-24 13:46:05 [DEBUG] potato.server_utils.schemas.identifier_utils (identifier_utils.py:193): generate_validation_attribute called with label_requirement: {}
2026-02-24 13:46:05 [DEBUG] potato.server_utils.schemas.identifier_utils (identifier_utils.py:194): label_name: no_beard
2026-02-24 13:46:05 [DEBUG] potato.server_utils.schemas.identifier_utils (identifier_utils.py:211): Returning empty string - no validation requirements met
2026-02-24 13:46:05 [DEBUG] potato.server_utils.schemas.identifier_utils (identifier_utils.py:193): generate_validation_attribute called with label_requirement: {}
2026-02-24 13:46:05 [DEBUG] potato.server_utils.schemas.identifier_utils (identifier_utils.py:194): label_name: sideburns
2026-02-24 13:46:05 [DEBUG] potato.server_utils.schemas.identifier_utils (identifier_utils.py:211): Returning empty string - no validation requirements met
2026-02-24 13:46:05 [INFO] potato.server_utils.schemas.multiselect (multiselect.py:161): Successfully generated multiselect layout for facial_hair with 5 options
2026-02-24 13:46:05 [DEBUG] potato.server_utils.schemas.registry (registry.py:129): Generating layout for annotation type: multiselect
2026-02-24 13:46:05 [DEBUG] potato.server_utils.schemas.identifier_utils (identifier_utils.py:68): Schema configuration validation passed for: accessories
2026-02-24 13:46:05 [DEBUG] potato.server_utils.schemas.multiselect (multiselect.py:68): Generating multiselect layout for schema: accessories
2026-02-24 13:46:05 [DEBUG] potato.ai.ai_help_wrapper (ai_help_wrapper.py:200): [get_ai_wrapper] DYNAMICAIHELP is None
2026-02-24 13:46:05 [DEBUG] potato.ai.ai_help_wrapper (ai_help_wrapper.py:202): [get_ai_wrapper] Returning: 'empty...'
2026-02-24 13:46:05 [DEBUG] potato.server_utils.schemas.multiselect (multiselect.py:89): Using 1 column layout
2026-02-24 13:46:05 [DEBUG] potato.server_utils.schemas.identifier_utils (identifier_utils.py:193): generate_validation_attribute called with label_requirement: {}
2026-02-24 13:46:05 [DEBUG] potato.server_utils.schemas.identifier_utils (identifier_utils.py:194): label_name: eyeglasses
2026-02-24 13:46:05 [DEBUG] potato.server_utils.schemas.identifier_utils (identifier_utils.py:211): Returning empty string - no validation requirements met
2026-02-24 13:46:05 [DEBUG] potato.server_utils.schemas.identifier_utils (identifier_utils.py:193): generate_validation_attribute called with label_requirement: {}
2026-02-24 13:46:05 [DEBUG] potato.server_utils.schemas.identifier_utils (identifier_utils.py:194): label_name: wearing_hat
2026-02-24 13:46:05 [DEBUG] potato.server_utils.schemas.identifier_utils (identifier_utils.py:211): Returning empty string - no validation requirements met
2026-02-24 13:46:05 [DEBUG] potato.server_utils.schemas.identifier_utils (identifier_utils.py:193): generate_validation_attribute called with label_requirement: {}
2026-02-24 13:46:05 [DEBUG] potato.server_utils.schemas.identifier_utils (identifier_utils.py:194): label_name: wearing_earrings
2026-02-24 13:46:05 [DEBUG] potato.server_utils.schemas.identifier_utils (identifier_utils.py:211): Returning empty string - no validation requirements met
2026-02-24 13:46:05 [DEBUG] potato.server_utils.schemas.identifier_utils (identifier_utils.py:193): generate_validation_attribute called with label_requirement: {}
2026-02-24 13:46:05 [DEBUG] potato.server_utils.schemas.identifier_utils (identifier_utils.py:194): label_name: wearing_necktie
2026-02-24 13:46:05 [DEBUG] potato.server_utils.schemas.identifier_utils (identifier_utils.py:211): Returning empty string - no validation requirements met
2026-02-24 13:46:05 [DEBUG] potato.server_utils.schemas.identifier_utils (identifier_utils.py:193): generate_validation_attribute called with label_requirement: {}
2026-02-24 13:46:05 [DEBUG] potato.server_utils.schemas.identifier_utils (identifier_utils.py:194): label_name: wearing_lipstick
2026-02-24 13:46:05 [DEBUG] potato.server_utils.schemas.identifier_utils (identifier_utils.py:211): Returning empty string - no validation requirements met
2026-02-24 13:46:05 [DEBUG] potato.server_utils.schemas.identifier_utils (identifier_utils.py:193): generate_validation_attribute called with label_requirement: {}
2026-02-24 13:46:05 [DEBUG] potato.server_utils.schemas.identifier_utils (identifier_utils.py:194): label_name: heavy_makeup
2026-02-24 13:46:05 [DEBUG] potato.server_utils.schemas.identifier_utils (identifier_utils.py:211): Returning empty string - no validation requirements met
2026-02-24 13:46:05 [INFO] potato.server_utils.schemas.multiselect (multiselect.py:161): Successfully generated multiselect layout for accessories with 6 options
2026-02-24 13:46:05 [DEBUG] potato.server_utils.schemas.registry (registry.py:129): Generating layout for annotation type: multiselect
2026-02-24 13:46:05 [DEBUG] potato.server_utils.schemas.identifier_utils (identifier_utils.py:68): Schema configuration validation passed for: demographics
2026-02-24 13:46:05 [DEBUG] potato.server_utils.schemas.multiselect (multiselect.py:68): Generating multiselect layout for schema: demographics
2026-02-24 13:46:05 [DEBUG] potato.ai.ai_help_wrapper (ai_help_wrapper.py:200): [get_ai_wrapper] DYNAMICAIHELP is None
2026-02-24 13:46:05 [DEBUG] potato.ai.ai_help_wrapper (ai_help_wrapper.py:202): [get_ai_wrapper] Returning: 'empty...'
2026-02-24 13:46:05 [DEBUG] potato.server_utils.schemas.multiselect (multiselect.py:89): Using 1 column layout
2026-02-24 13:46:05 [DEBUG] potato.server_utils.schemas.identifier_utils (identifier_utils.py:193): generate_validation_attribute called with label_requirement: {}
2026-02-24 13:46:05 [DEBUG] potato.server_utils.schemas.identifier_utils (identifier_utils.py:194): label_name: male
2026-02-24 13:46:05 [DEBUG] potato.server_utils.schemas.identifier_utils (identifier_utils.py:211): Returning empty string - no validation requirements met
2026-02-24 13:46:05 [DEBUG] potato.server_utils.schemas.identifier_utils (identifier_utils.py:193): generate_validation_attribute called with label_requirement: {}
2026-02-24 13:46:05 [DEBUG] potato.server_utils.schemas.identifier_utils (identifier_utils.py:194): label_name: young
2026-02-24 13:46:05 [DEBUG] potato.server_utils.schemas.identifier_utils (identifier_utils.py:211): Returning empty string - no validation requirements met
2026-02-24 13:46:05 [DEBUG] potato.server_utils.schemas.identifier_utils (identifier_utils.py:193): generate_validation_attribute called with label_requirement: {}
2026-02-24 13:46:05 [DEBUG] potato.server_utils.schemas.identifier_utils (identifier_utils.py:194): label_name: attractive
2026-02-24 13:46:05 [DEBUG] potato.server_utils.schemas.identifier_utils (identifier_utils.py:211): Returning empty string - no validation requirements met
2026-02-24 13:46:05 [DEBUG] potato.server_utils.schemas.identifier_utils (identifier_utils.py:193): generate_validation_attribute called with label_requirement: {}
2026-02-24 13:46:05 [DEBUG] potato.server_utils.schemas.identifier_utils (identifier_utils.py:194): label_name: smiling
2026-02-24 13:46:05 [DEBUG] potato.server_utils.schemas.identifier_utils (identifier_utils.py:211): Returning empty string - no validation requirements met
2026-02-24 13:46:05 [INFO] potato.server_utils.schemas.multiselect (multiselect.py:161): Successfully generated multiselect layout for demographics with 4 options
2026-02-24 13:46:05 [INFO] server_utils.front_end (front_end.py:92): Generated annotation layout file: /Users/jurgens/Documents/Projects/potato-showcase/image/specialized/celeba/layouts/task_layout.html
2026-02-24 13:46:05 [DEBUG] potato.server_utils.schemas.registry (registry.py:129): Generating layout for annotation type: multiselect
2026-02-24 13:46:05 [DEBUG] potato.server_utils.schemas.identifier_utils (identifier_utils.py:68): Schema configuration validation passed for: hair_attributes
2026-02-24 13:46:05 [DEBUG] potato.server_utils.schemas.multiselect (multiselect.py:68): Generating multiselect layout for schema: hair_attributes
2026-02-24 13:46:05 [DEBUG] potato.ai.ai_help_wrapper (ai_help_wrapper.py:200): [get_ai_wrapper] DYNAMICAIHELP is None
2026-02-24 13:46:05 [DEBUG] potato.ai.ai_help_wrapper (ai_help_wrapper.py:202): [get_ai_wrapper] Returning: 'empty...'
2026-02-24 13:46:05 [DEBUG] potato.server_utils.schemas.multiselect (multiselect.py:89): Using 1 column layout
2026-02-24 13:46:05 [DEBUG] potato.server_utils.schemas.identifier_utils (identifier_utils.py:193): generate_validation_attribute called with label_requirement: {}
2026-02-24 13:46:05 [DEBUG] potato.server_utils.schemas.identifier_utils (identifier_utils.py:194): label_name: bald
2026-02-24 13:46:05 [DEBUG] potato.server_utils.schemas.identifier_utils (identifier_utils.py:211): Returning empty string - no validation requirements met
2026-02-24 13:46:05 [DEBUG] potato.server_utils.schemas.identifier_utils (identifier_utils.py:193): generate_validation_attribute called with label_requirement: {}
2026-02-24 13:46:05 [DEBUG] potato.server_utils.schemas.identifier_utils (identifier_utils.py:194): label_name: bangs
2026-02-24 13:46:05 [DEBUG] potato.server_utils.schemas.identifier_utils (identifier_utils.py:211): Returning empty string - no validation requirements met
2026-02-24 13:46:05 [DEBUG] potato.server_utils.schemas.identifier_utils (identifier_utils.py:193): generate_validation_attribute called with label_requirement: {}
2026-02-24 13:46:05 [DEBUG] potato.server_utils.schemas.identifier_utils (identifier_utils.py:194): label_name: black_hair
2026-02-24 13:46:05 [DEBUG] potato.server_utils.schemas.identifier_utils (identifier_utils.py:211): Returning empty string - no validation requirements met
2026-02-24 13:46:05 [DEBUG] potato.server_utils.schemas.identifier_utils (identifier_utils.py:193): generate_validation_attribute called with label_requirement: {}
2026-02-24 13:46:05 [DEBUG] potato.server_utils.schemas.identifier_utils (identifier_utils.py:194): label_name: blond_hair
2026-02-24 13:46:05 [DEBUG] potato.server_utils.schemas.identifier_utils (identifier_utils.py:211): Returning empty string - no validation requirements met
2026-02-24 13:46:05 [DEBUG] potato.server_utils.schemas.identifier_utils (identifier_utils.py:193): generate_validation_attribute called with label_requirement: {}
2026-02-24 13:46:05 [DEBUG] potato.server_utils.schemas.identifier_utils (identifier_utils.py:194): label_name: brown_hair
2026-02-24 13:46:05 [DEBUG] potato.server_utils.schemas.identifier_utils (identifier_utils.py:211): Returning empty string - no validation requirements met
2026-02-24 13:46:05 [DEBUG] potato.server_utils.schemas.identifier_utils (identifier_utils.py:193): generate_validation_attribute called with label_requirement: {}
2026-02-24 13:46:05 [DEBUG] potato.server_utils.schemas.identifier_utils (identifier_utils.py:194): label_name: gray_hair
2026-02-24 13:46:05 [DEBUG] potato.server_utils.schemas.identifier_utils (identifier_utils.py:211): Returning empty string - no validation requirements met
2026-02-24 13:46:05 [DEBUG] potato.server_utils.schemas.identifier_utils (identifier_utils.py:193): generate_validation_attribute called with label_requirement: {}
2026-02-24 13:46:05 [DEBUG] potato.server_utils.schemas.identifier_utils (identifier_utils.py:194): label_name: straight_hair
2026-02-24 13:46:05 [DEBUG] potato.server_utils.schemas.identifier_utils (identifier_utils.py:211): Returning empty string - no validation requirements met
2026-02-24 13:46:05 [DEBUG] potato.server_utils.schemas.identifier_utils (identifier_utils.py:193): generate_validation_attribute called with label_requirement: {}
2026-02-24 13:46:05 [DEBUG] potato.server_utils.schemas.identifier_utils (identifier_utils.py:194): label_name: wavy_hair
2026-02-24 13:46:05 [DEBUG] potato.server_utils.schemas.identifier_utils (identifier_utils.py:211): Returning empty string - no validation requirements met
2026-02-24 13:46:05 [DEBUG] potato.server_utils.schemas.identifier_utils (identifier_utils.py:193): generate_validation_attribute called with label_requirement: {}
2026-02-24 13:46:05 [DEBUG] potato.server_utils.schemas.identifier_utils (identifier_utils.py:194): label_name: receding_hairline
2026-02-24 13:46:05 [DEBUG] potato.server_utils.schemas.identifier_utils (identifier_utils.py:211): Returning empty string - no validation requirements met
2026-02-24 13:46:05 [INFO] potato.server_utils.schemas.multiselect (multiselect.py:161): Successfully generated multiselect layout for hair_attributes with 9 options
2026-02-24 13:46:05 [DEBUG] potato.server_utils.schemas.registry (registry.py:129): Generating layout for annotation type: multiselect
2026-02-24 13:46:05 [DEBUG] potato.server_utils.schemas.identifier_utils (identifier_utils.py:68): Schema configuration validation passed for: facial_features
2026-02-24 13:46:05 [DEBUG] potato.server_utils.schemas.multiselect (multiselect.py:68): Generating multiselect layout for schema: facial_features
2026-02-24 13:46:05 [DEBUG] potato.ai.ai_help_wrapper (ai_help_wrapper.py:200): [get_ai_wrapper] DYNAMICAIHELP is None
2026-02-24 13:46:05 [DEBUG] potato.ai.ai_help_wrapper (ai_help_wrapper.py:202): [get_ai_wrapper] Returning: 'empty...'
2026-02-24 13:46:05 [DEBUG] potato.server_utils.schemas.multiselect (multiselect.py:89): Using 1 column layout
2026-02-24 13:46:05 [DEBUG] potato.server_utils.schemas.identifier_utils (identifier_utils.py:193): generate_validation_attribute called with label_requirement: {}
2026-02-24 13:46:05 [DEBUG] potato.server_utils.schemas.identifier_utils (identifier_utils.py:194): label_name: arched_eyebrows
2026-02-24 13:46:05 [DEBUG] potato.server_utils.schemas.identifier_utils (identifier_utils.py:211): Returning empty string - no validation requirements met
2026-02-24 13:46:05 [DEBUG] potato.server_utils.schemas.identifier_utils (identifier_utils.py:193): generate_validation_attribute called with label_requirement: {}
2026-02-24 13:46:05 [DEBUG] potato.server_utils.schemas.identifier_utils (identifier_utils.py:194): label_name: bushy_eyebrows
2026-02-24 13:46:05 [DEBUG] potato.server_utils.schemas.identifier_utils (identifier_utils.py:211): Returning empty string - no validation requirements met
2026-02-24 13:46:05 [DEBUG] potato.server_utils.schemas.identifier_utils (identifier_utils.py:193): generate_validation_attribute called with label_requirement: {}
2026-02-24 13:46:05 [DEBUG] potato.server_utils.schemas.identifier_utils (identifier_utils.py:194): label_name: big_lips
2026-02-24 13:46:05 [DEBUG] potato.server_utils.schemas.identifier_utils (identifier_utils.py:211): Returning empty string - no validation requirements met
2026-02-24 13:46:05 [DEBUG] potato.server_utils.schemas.identifier_utils (identifier_utils.py:193): generate_validation_attribute called with label_requirement: {}
2026-02-24 13:46:05 [DEBUG] potato.server_utils.schemas.identifier_utils (identifier_utils.py:194): label_name: big_nose
2026-02-24 13:46:05 [DEBUG] potato.server_utils.schemas.identifier_utils (identifier_utils.py:211): Returning empty string - no validation requirements met
2026-02-24 13:46:05 [DEBUG] potato.server_utils.schemas.identifier_utils (identifier_utils.py:193): generate_validation_attribute called with label_requirement: {}
2026-02-24 13:46:05 [DEBUG] potato.server_utils.schemas.identifier_utils (identifier_utils.py:194): label_name: pointy_nose
2026-02-24 13:46:05 [DEBUG] potato.server_utils.schemas.identifier_utils (identifier_utils.py:211): Returning empty string - no validation requirements met
2026-02-24 13:46:05 [DEBUG] potato.server_utils.schemas.identifier_utils (identifier_utils.py:193): generate_validation_attribute called with label_requirement: {}
2026-02-24 13:46:05 [DEBUG] potato.server_utils.schemas.identifier_utils (identifier_utils.py:194): label_name: high_cheekbones
2026-02-24 13:46:05 [DEBUG] potato.server_utils.schemas.identifier_utils (identifier_utils.py:211): Returning empty string - no validation requirements met
2026-02-24 13:46:05 [DEBUG] potato.server_utils.schemas.identifier_utils (identifier_utils.py:193): generate_validation_attribute called with label_requirement: {}
2026-02-24 13:46:05 [DEBUG] potato.server_utils.schemas.identifier_utils (identifier_utils.py:194): label_name: narrow_eyes
2026-02-24 13:46:05 [DEBUG] potato.server_utils.schemas.identifier_utils (identifier_utils.py:211): Returning empty string - no validation requirements met
2026-02-24 13:46:05 [DEBUG] potato.server_utils.schemas.identifier_utils (identifier_utils.py:193): generate_validation_attribute called with label_requirement: {}
2026-02-24 13:46:05 [DEBUG] potato.server_utils.schemas.identifier_utils (identifier_utils.py:194): label_name: bags_under_eyes
2026-02-24 13:46:05 [DEBUG] potato.server_utils.schemas.identifier_utils (identifier_utils.py:211): Returning empty string - no validation requirements met
2026-02-24 13:46:05 [DEBUG] potato.server_utils.schemas.identifier_utils (identifier_utils.py:193): generate_validation_attribute called with label_requirement: {}
2026-02-24 13:46:05 [DEBUG] potato.server_utils.schemas.identifier_utils (identifier_utils.py:194): label_name: double_chin
2026-02-24 13:46:05 [DEBUG] potato.server_utils.schemas.identifier_utils (identifier_utils.py:211): Returning empty string - no validation requirements met
2026-02-24 13:46:05 [INFO] potato.server_utils.schemas.multiselect (multiselect.py:161): Successfully generated multiselect layout for facial_features with 9 options
2026-02-24 13:46:05 [DEBUG] potato.server_utils.schemas.registry (registry.py:129): Generating layout for annotation type: multiselect
2026-02-24 13:46:05 [DEBUG] potato.server_utils.schemas.identifier_utils (identifier_utils.py:68): Schema configuration validation passed for: facial_hair
2026-02-24 13:46:05 [DEBUG] potato.server_utils.schemas.multiselect (multiselect.py:68): Generating multiselect layout for schema: facial_hair
2026-02-24 13:46:05 [DEBUG] potato.ai.ai_help_wrapper (ai_help_wrapper.py:200): [get_ai_wrapper] DYNAMICAIHELP is None
2026-02-24 13:46:05 [DEBUG] potato.ai.ai_help_wrapper (ai_help_wrapper.py:202): [get_ai_wrapper] Returning: 'empty...'
2026-02-24 13:46:05 [DEBUG] potato.server_utils.schemas.multiselect (multiselect.py:89): Using 1 column layout
2026-02-24 13:46:05 [DEBUG] potato.server_utils.schemas.identifier_utils (identifier_utils.py:193): generate_validation_attribute called with label_requirement: {}
2026-02-24 13:46:05 [DEBUG] potato.server_utils.schemas.identifier_utils (identifier_utils.py:194): label_name: 5_o_clock_shadow
2026-02-24 13:46:05 [DEBUG] potato.server_utils.schemas.identifier_utils (identifier_utils.py:211): Returning empty string - no validation requirements met
2026-02-24 13:46:05 [DEBUG] potato.server_utils.schemas.identifier_utils (identifier_utils.py:193): generate_validation_attribute called with label_requirement: {}
2026-02-24 13:46:05 [DEBUG] potato.server_utils.schemas.identifier_utils (identifier_utils.py:194): label_name: goatee
2026-02-24 13:46:05 [DEBUG] potato.server_utils.schemas.identifier_utils (identifier_utils.py:211): Returning empty string - no validation requirements met
2026-02-24 13:46:05 [DEBUG] potato.server_utils.schemas.identifier_utils (identifier_utils.py:193): generate_validation_attribute called with label_requirement: {}
2026-02-24 13:46:05 [DEBUG] potato.server_utils.schemas.identifier_utils (identifier_utils.py:194): label_name: mustache
2026-02-24 13:46:05 [DEBUG] potato.server_utils.schemas.identifier_utils (identifier_utils.py:211): Returning empty string - no validation requirements met
2026-02-24 13:46:05 [DEBUG] potato.server_utils.schemas.identifier_utils (identifier_utils.py:193): generate_validation_attribute called with label_requirement: {}
2026-02-24 13:46:05 [DEBUG] potato.server_utils.schemas.identifier_utils (identifier_utils.py:194): label_name: no_beard
2026-02-24 13:46:05 [DEBUG] potato.server_utils.schemas.identifier_utils (identifier_utils.py:211): Returning empty string - no validation requirements met
2026-02-24 13:46:05 [DEBUG] potato.server_utils.schemas.identifier_utils (identifier_utils.py:193): generate_validation_attribute called with label_requirement: {}
2026-02-24 13:46:05 [DEBUG] potato.server_utils.schemas.identifier_utils (identifier_utils.py:194): label_name: sideburns
2026-02-24 13:46:05 [DEBUG] potato.server_utils.schemas.identifier_utils (identifier_utils.py:211): Returning empty string - no validation requirements met
2026-02-24 13:46:05 [INFO] potato.server_utils.schemas.multiselect (multiselect.py:161): Successfully generated multiselect layout for facial_hair with 5 options
2026-02-24 13:46:05 [DEBUG] potato.server_utils.schemas.registry (registry.py:129): Generating layout for annotation type: multiselect
2026-02-24 13:46:05 [DEBUG] potato.server_utils.schemas.identifier_utils (identifier_utils.py:68): Schema configuration validation passed for: accessories
2026-02-24 13:46:05 [DEBUG] potato.server_utils.schemas.multiselect (multiselect.py:68): Generating multiselect layout for schema: accessories
2026-02-24 13:46:05 [DEBUG] potato.ai.ai_help_wrapper (ai_help_wrapper.py:200): [get_ai_wrapper] DYNAMICAIHELP is None
2026-02-24 13:46:05 [DEBUG] potato.ai.ai_help_wrapper (ai_help_wrapper.py:202): [get_ai_wrapper] Returning: 'empty...'
2026-02-24 13:46:05 [DEBUG] potato.server_utils.schemas.multiselect (multiselect.py:89): Using 1 column layout
2026-02-24 13:46:05 [DEBUG] potato.server_utils.schemas.identifier_utils (identifier_utils.py:193): generate_validation_attribute called with label_requirement: {}
2026-02-24 13:46:05 [DEBUG] potato.server_utils.schemas.identifier_utils (identifier_utils.py:194): label_name: eyeglasses
2026-02-24 13:46:05 [DEBUG] potato.server_utils.schemas.identifier_utils (identifier_utils.py:211): Returning empty string - no validation requirements met
2026-02-24 13:46:05 [DEBUG] potato.server_utils.schemas.identifier_utils (identifier_utils.py:193): generate_validation_attribute called with label_requirement: {}
2026-02-24 13:46:05 [DEBUG] potato.server_utils.schemas.identifier_utils (identifier_utils.py:194): label_name: wearing_hat
2026-02-24 13:46:05 [DEBUG] potato.server_utils.schemas.identifier_utils (identifier_utils.py:211): Returning empty string - no validation requirements met
2026-02-24 13:46:05 [DEBUG] potato.server_utils.schemas.identifier_utils (identifier_utils.py:193): generate_validation_attribute called with label_requirement: {}
2026-02-24 13:46:05 [DEBUG] potato.server_utils.schemas.identifier_utils (identifier_utils.py:194): label_name: wearing_earrings
2026-02-24 13:46:05 [DEBUG] potato.server_utils.schemas.identifier_utils (identifier_utils.py:211): Returning empty string - no validation requirements met
2026-02-24 13:46:05 [DEBUG] potato.server_utils.schemas.identifier_utils (identifier_utils.py:193): generate_validation_attribute called with label_requirement: {}
2026-02-24 13:46:05 [DEBUG] potato.server_utils.schemas.identifier_utils (identifier_utils.py:194): label_name: wearing_necktie
2026-02-24 13:46:05 [DEBUG] potato.server_utils.schemas.identifier_utils (identifier_utils.py:211): Returning empty string - no validation requirements met
2026-02-24 13:46:05 [DEBUG] potato.server_utils.schemas.identifier_utils (identifier_utils.py:193): generate_validation_attribute called with label_requirement: {}
2026-02-24 13:46:05 [DEBUG] potato.server_utils.schemas.identifier_utils (identifier_utils.py:194): label_name: wearing_lipstick
2026-02-24 13:46:05 [DEBUG] potato.server_utils.schemas.identifier_utils (identifier_utils.py:211): Returning empty string - no validation requirements met
2026-02-24 13:46:05 [DEBUG] potato.server_utils.schemas.identifier_utils (identifier_utils.py:193): generate_validation_attribute called with label_requirement: {}
2026-02-24 13:46:05 [DEBUG] potato.server_utils.schemas.identifier_utils (identifier_utils.py:194): label_name: heavy_makeup
2026-02-24 13:46:05 [DEBUG] potato.server_utils.schemas.identifier_utils (identifier_utils.py:211): Returning empty string - no validation requirements met
2026-02-24 13:46:05 [INFO] potato.server_utils.schemas.multiselect (multiselect.py:161): Successfully generated multiselect layout for accessories with 6 options
2026-02-24 13:46:05 [DEBUG] potato.server_utils.schemas.registry (registry.py:129): Generating layout for annotation type: multiselect
2026-02-24 13:46:05 [DEBUG] potato.server_utils.schemas.identifier_utils (identifier_utils.py:68): Schema configuration validation passed for: demographics
2026-02-24 13:46:05 [DEBUG] potato.server_utils.schemas.multiselect (multiselect.py:68): Generating multiselect layout for schema: demographics
2026-02-24 13:46:05 [DEBUG] potato.ai.ai_help_wrapper (ai_help_wrapper.py:200): [get_ai_wrapper] DYNAMICAIHELP is None
2026-02-24 13:46:05 [DEBUG] potato.ai.ai_help_wrapper (ai_help_wrapper.py:202): [get_ai_wrapper] Returning: 'empty...'
2026-02-24 13:46:05 [DEBUG] potato.server_utils.schemas.multiselect (multiselect.py:89): Using 1 column layout
2026-02-24 13:46:05 [DEBUG] potato.server_utils.schemas.identifier_utils (identifier_utils.py:193): generate_validation_attribute called with label_requirement: {}
2026-02-24 13:46:05 [DEBUG] potato.server_utils.schemas.identifier_utils (identifier_utils.py:194): label_name: male
2026-02-24 13:46:05 [DEBUG] potato.server_utils.schemas.identifier_utils (identifier_utils.py:211): Returning empty string - no validation requirements met
2026-02-24 13:46:05 [DEBUG] potato.server_utils.schemas.identifier_utils (identifier_utils.py:193): generate_validation_attribute called with label_requirement: {}
2026-02-24 13:46:05 [DEBUG] potato.server_utils.schemas.identifier_utils (identifier_utils.py:194): label_name: young
2026-02-24 13:46:05 [DEBUG] potato.server_utils.schemas.identifier_utils (identifier_utils.py:211): Returning empty string - no validation requirements met
2026-02-24 13:46:05 [DEBUG] potato.server_utils.schemas.identifier_utils (identifier_utils.py:193): generate_validation_attribute called with label_requirement: {}
2026-02-24 13:46:05 [DEBUG] potato.server_utils.schemas.identifier_utils (identifier_utils.py:194): label_name: attractive
2026-02-24 13:46:05 [DEBUG] potato.server_utils.schemas.identifier_utils (identifier_utils.py:211): Returning empty string - no validation requirements met
2026-02-24 13:46:05 [DEBUG] potato.server_utils.schemas.identifier_utils (identifier_utils.py:193): generate_validation_attribute called with label_requirement: {}
2026-02-24 13:46:05 [DEBUG] potato.server_utils.schemas.identifier_utils (identifier_utils.py:194): label_name: smiling
2026-02-24 13:46:05 [DEBUG] potato.server_utils.schemas.identifier_utils (identifier_utils.py:211): Returning empty string - no validation requirements met
2026-02-24 13:46:05 [INFO] potato.server_utils.schemas.multiselect (multiselect.py:161): Successfully generated multiselect layout for demographics with 4 options
2026-02-24 13:46:05 [DEBUG] server_utils.front_end (front_end.py:363): Output HTML filename: /Users/jurgens/Documents/Projects/potato/potato/templates/generated/CelebA-Face-Attributes-base_template_v2.html
2026-02-24 13:46:05 [DEBUG] server_utils.front_end (front_end.py:376): writing annotation html to /Users/jurgens/Documents/Projects/potato/potato/templates/generated/CelebA-Face-Attributes-base_template_v2.html
2026-02-24 13:46:05 [DEBUG] potato.flask_server (flask_server.py:368): Loading data from 1 files
2026-02-24 13:46:05 [DEBUG] potato.flask_server (flask_server.py:386): Reading data from sample-data.json
2026-02-24 13:46:05 [DEBUG] potato.flask_server (flask_server.py:400): Parsed sample-data.json as JSON array with 3 items
2026-02-24 13:46:05 [DEBUG] potato.flask_server (flask_server.py:491): Loaded 3 instances from sample-data.json
2026-02-24 13:46:05 [INFO] potato.flask_server (flask_server.py:593): Loaded user data for 0 users
2026-02-24 13:46:05 [DEBUG] potato.flask_server (flask_server.py:995): Loaded keyword highlight settings: {'keyword_probability': 1.0, 'random_word_probability': 0.0, 'random_word_label': 'distractor', 'random_word_schema': 'keyword'}
2026-02-24 13:46:05 [DEBUG] potato.flask_server (flask_server.py:999): No keyword_highlights_file specified in config
2026-02-24 13:46:05 [DEBUG] potato.flask_server (flask_server.py:615): Training not enabled, skipping training data loading
2026-02-24 13:46:05 [DEBUG] potato.flask_server (flask_server.py:798): No Prolific configuration found
2026-02-24 13:46:05 [WARNING] potato.server_utils.mturk_apis (mturk_apis.py:466): boto3 not available, MTurk API disabled
2026-02-24 13:46:05 [DEBUG] potato.flask_server (flask_server.py:923): STATES: defaultdict(<class 'collections.OrderedDict'>, {<UserPhase.ANNOTATION: 'annotation'>: OrderedDict([('CelebA Face Attributes', 'CelebA-Face-Attributes-base_template_v2.html')])})
2026-02-24 13:46:05 [INFO] potato.flask_server (flask_server.py:2630): Knowledge base manager initialized
2026-02-24 13:46:05 [DEBUG] potato.flask_server (flask_server.py:2435): No audio_annotation schemes found, skipping WaveformService initialization
2026-02-24 13:46:05 [INFO] potato.flask_server (flask_server.py:2700): Password authentication required: True
2026-02-24 13:46:05 [INFO] potato.server_utils.html_sanitizer (html_sanitizer.py:319): Registered HTML sanitization Jinja2 filters
